<?xml version="1.0" encoding="UTF-8"?>
<testsuites name="jest tests" tests="3" failures="0" time="2.537">
  <testsuite name="Funkcja sentenceToUpperCase" errors="0" failures="0" skipped="0" timestamp="2021-04-19T09:00:44" time="1.399" tests="3">
    <testcase classname="Funkcja sentenceToUpperCase powinna zwrócić wartość typu boolean" name="Funkcja sentenceToUpperCase powinna zwrócić wartość typu boolean" time="0.002">
    </testcase>
    <testcase classname="Funkcja sentenceToUpperCase powinna zwracać powiększony napis gdy tylko jeden wyraz został podany" name="Funkcja sentenceToUpperCase powinna zwracać powiększony napis gdy tylko jeden wyraz został podany" time="0.001">
    </testcase>
    <testcase classname="Funkcja sentenceToUpperCase powinna zwracać co drugi wyraz powiększony, przy co najmniej dwóch przekazanych słowach" name="Funkcja sentenceToUpperCase powinna zwracać co drugi wyraz powiększony, przy co najmniej dwóch przekazanych słowach" time="0">
    </testcase>
  </testsuite>
</testsuites>